writeCommonTags: couldn't write 'track' tag to 'Gucci Mane/2017 - Droptopwop/01 5 Million Intro.m4a' as it's not a positive integer
writeCommonTags: couldn't write 'track' tag to 'Gucci Mane/2017 - Droptopwop/02 Tho.m4a' as it's not a positive integer
writeCommonTags: couldn't write 'track' tag to 'Gucci Mane/2017 - Droptopwop/03 Hurt a Nigga Feelings.m4a' as it's not a positive integer
writeCommonTags: couldn't write 'track' tag to 'Gucci Mane/2017 - Droptopwop/04 Helpless.m4a' as it's not a positive integer
writeCommonTags: couldn't write 'track' tag to 'Gucci Mane/2017 - Droptopwop/05 Met Gala (feat. Offset).m4a' as it's not a positive integer
writeCommonTags: couldn't write 'track' tag to 'Gucci Mane/2017 - Droptopwop/06 Finesse the Plug Interlude.m4a' as it's not a positive integer
writeCommonTags: couldn't write 'track' tag to 'Gucci Mane/2017 - Droptopwop/07 Dance with the Devil.m4a' as it's not a positive integer
writeCommonTags: couldn't write 'track' tag to 'Gucci Mane/2017 - Droptopwop/08 Both Eyes Closed (feat. 2 Chainz.m4a' as it's not a positive integer
writeCommonTags: couldn't write 'track' tag to 'Gucci Mane/2017 - Droptopwop/09 Bucket List.m4a' as it's not a positive integer
writeCommonTags: couldn't write 'track' tag to 'Gucci Mane/2017 - Droptopwop/10 Loss 4 Wrdz (feat. Rick Ross).m4a' as it's not a positive integer
writeCommonTags: couldn't write 'year' tag to 'Future/DJ Esco - No Sleep (Hosted by Future) (2014) [AAC]/01 No Sleep Intro.m4a' as it's not a positive integer
writeCommonTags: couldn't write 'track' tag to 'Future/DJ Esco - No Sleep (Hosted by Future) (2014) [AAC]/01 No Sleep Intro.m4a' as it's not a positive integer
writeCommonTags: couldn't write 'year' tag to 'Future/DJ Esco - No Sleep (Hosted by Future) (2014) [AAC]/02 The Matrix (Back To the Basics).m4a' as it's not a positive integer
writeCommonTags: couldn't write 'track' tag to 'Future/DJ Esco - No Sleep (Hosted by Future) (2014) [AAC]/02 The Matrix (Back To the Basics).m4a' as it's not a positive integer
writeCommonTags: couldn't write 'year' tag to 'Future/DJ Esco - No Sleep (Hosted by Future) (2014) [AAC]/03 Day One (feat. Future & Yo Gotti).m4a' as it's not a positive integer
writeCommonTags: couldn't write 'track' tag to 'Future/DJ Esco - No Sleep (Hosted by Future) (2014) [AAC]/03 Day One (feat. Future & Yo Gotti).m4a' as it's not a positive integer
writeCommonTags: couldn't write 'year' tag to 'Future/DJ Esco - No Sleep (Hosted by Future) (2014) [AAC]/04 How Can I Not.m4a' as it's not a positive integer
writeCommonTags: couldn't write 'track' tag to 'Future/DJ Esco - No Sleep (Hosted by Future) (2014) [AAC]/04 How Can I Not.m4a' as it's not a positive integer
writeCommonTags: couldn't write 'year' tag to 'Future/DJ Esco - No Sleep (Hosted by Future) (2014) [AAC]/05 That's the Way the Game Goes (feat. Jim Jones & Young Scooter).m4a' as it's not a positive integer
writeCommonTags: couldn't write 'track' tag to 'Future/DJ Esco - No Sleep (Hosted by Future) (2014) [AAC]/05 That's the Way the Game Goes (feat. Jim Jones & Young Scooter).m4a' as it's not a positive integer
writeCommonTags: couldn't write 'year' tag to 'Future/DJ Esco - No Sleep (Hosted by Future) (2014) [AAC]/06 Young Scooter (feat. Young Scooter).m4a' as it's not a positive integer
writeCommonTags: couldn't write 'track' tag to 'Future/DJ Esco - No Sleep (Hosted by Future) (2014) [AAC]/06 Young Scooter (feat. Young Scooter).m4a' as it's not a positive integer
writeCommonTags: couldn't write 'year' tag to 'Future/DJ Esco - No Sleep (Hosted by Future) (2014) [AAC]/07 Club On Smash (feat. Future).m4a' as it's not a positive integer
writeCommonTags: couldn't write 'track' tag to 'Future/DJ Esco - No Sleep (Hosted by Future) (2014) [AAC]/07 Club On Smash (feat. Future).m4a' as it's not a positive integer
writeCommonTags: couldn't write 'year' tag to 'Future/DJ Esco - No Sleep (Hosted by Future) (2014) [AAC]/08 Maison Margiela (feat. Future).m4a' as it's not a positive integer
writeCommonTags: couldn't write 'track' tag to 'Future/DJ Esco - No Sleep (Hosted by Future) (2014) [AAC]/08 Maison Margiela (feat. Future).m4a' as it's not a positive integer
writeCommonTags: couldn't write 'year' tag to 'Future/DJ Esco - No Sleep (Hosted by Future) (2014) [AAC]/09 Wolf (feat. Future).m4a' as it's not a positive integer
writeCommonTags: couldn't write 'track' tag to 'Future/DJ Esco - No Sleep (Hosted by Future) (2014) [AAC]/09 Wolf (feat. Future).m4a' as it's not a positive integer
writeCommonTags: couldn't write 'year' tag to 'Future/DJ Esco - No Sleep (Hosted by Future) (2014) [AAC]/10 Can't Resist (Killin Sh_t).m4a' as it's not a positive integer
writeCommonTags: couldn't write 'track' tag to 'Future/DJ Esco - No Sleep (Hosted by Future) (2014) [AAC]/10 Can't Resist (Killin Sh_t).m4a' as it's not a positive integer
writeCommonTags: couldn't write 'year' tag to 'Future/DJ Esco - No Sleep (Hosted by Future) (2014) [AAC]/11 F_ck You Gone Tell.m4a' as it's not a positive integer
writeCommonTags: couldn't write 'track' tag to 'Future/DJ Esco - No Sleep (Hosted by Future) (2014) [AAC]/11 F_ck You Gone Tell.m4a' as it's not a positive integer
writeCommonTags: couldn't write 'year' tag to 'Future/DJ Esco - No Sleep (Hosted by Future) (2014) [AAC]/12 Let's Go Play.m4a' as it's not a positive integer
writeCommonTags: couldn't write 'track' tag to 'Future/DJ Esco - No Sleep (Hosted by Future) (2014) [AAC]/12 Let's Go Play.m4a' as it's not a positive integer
writeCommonTags: couldn't write 'year' tag to 'Future/DJ Esco - No Sleep (Hosted by Future) (2014) [AAC]/13 How It Was.m4a' as it's not a positive integer
writeCommonTags: couldn't write 'track' tag to 'Future/DJ Esco - No Sleep (Hosted by Future) (2014) [AAC]/13 How It Was.m4a' as it's not a positive integer
writeCommonTags: couldn't write 'year' tag to 'Future/DJ Esco - No Sleep (Hosted by Future) (2014) [AAC]/14 Dem.m4a' as it's not a positive integer
writeCommonTags: couldn't write 'track' tag to 'Future/DJ Esco - No Sleep (Hosted by Future) (2014) [AAC]/14 Dem.m4a' as it's not a positive integer
